2021/05/26-20:30:44:314:url:http://www2.scut.edu.cn/gzic/ -标题:华南理工大学广州国际校区-响应码：200
2021/05/26-20:30:44:328:url:http://www2.scut.edu.cn/gzic/main.htm -标题:华南理工大学广州国际校区-响应码：200
2021/05/26-20:30:44:344:url:http://www2.scut.edu.cn/gzic/19250/list.htm -标题:联系我们-响应码：200
2021/05/26-20:30:44:364:url:http://www2.scut.edu.cn/gzic/xqdw/list.htm -标题:校区党委-响应码：200
2021/05/26-20:30:44:382:url:http://www2.scut.edu.cn/gzic/xqjw/list.htm -标题:校区纪委-响应码：200
2021/05/26-20:30:44:399:url:http://www2.scut.edu.cn/gzic/19705/list.htm -标题:综合事务办公室-响应码：200
2021/05/26-20:30:44:415:url:http://www2.scut.edu.cn/gzic/xqjw/list.htm -标题:校区纪委-响应码：200
2021/05/26-20:30:44:424:url:http://bszs.conac.cn/sitename?method=show&id=4FD79072438C0990E053012819AC7B66 -标题:政务和公益机构网上名称公示平台-响应码：200
2021/05/26-20:30:44:434:url:http://www2.scut.edu.cn/gzic/19705/list.htm -标题:综合事务办公室-响应码：200
2021/05/26-20:30:44:452:url:http://www2.scut.edu.cn/gzic/19465/list.htm -标题:广州智能工程研究院-响应码：200
2021/05/26-20:30:44:477:url:http://www2.scut.edu.cn/gzic/19465/list.htm -标题:广州智能工程研究院-响应码：200
2021/05/26-20:30:44:503:url:http://www2.scut.edu.cn/gzic/19706/list.htm -标题:人力资源与发展事务办公室-响应码：200
2021/05/26-20:30:44:527:url:http://www2.scut.edu.cn/gzic/19704/list.htm -标题:教学与全球事务办公室-响应码：200
2021/05/26-20:30:44:581:url:http://www2.scut.edu.cn/gzic/19704/list.htm -标题:教学与全球事务办公室-响应码：200
2021/05/26-20:30:44:616:url:http://www2.scut.edu.cn/gzic/19706/list.htm -标题:人力资源与发展事务办公室-响应码：200
2021/05/26-20:30:44:644:url:http://www2.scut.edu.cn/gzic/19707/list.htm -标题:学生事务办公室-响应码：200
2021/05/26-20:30:44:663:url:http://www2.scut.edu.cn/gzic/20540/list.htm -标题:图文纪实-响应码：200
2021/05/26-20:30:44:690:url:http://www2.scut.edu.cn/gzic/19707/list.htm -标题:学生事务办公室-响应码：200
2021/05/26-20:30:44:710:url:http://www2.scut.edu.cn/gzic/20539/list.htm -标题:视频纪实-响应码：200
2021/05/26-20:30:44:730:url:http://www2.scut.edu.cn/gzic/20539/list.htm -标题:视频纪实-响应码：200
2021/05/26-20:30:44:834:url:http://www2.scut.edu.cn/gzic/20541/list.htm -标题:建设大事记-响应码：200
2021/05/26-20:30:44:853:url:http://www2.scut.edu.cn/gzic/19464/list.htm -标题:华南软物质科学与技术高等研究院-响应码：200
2021/05/26-20:30:44:871:url:http://www2.scut.edu.cn/gzic/19469/list.htm -标题:华南岩土工程研究院-响应码：200
2021/05/26-20:30:44:888:url:http://www2.scut.edu.cn/gzic/19469/list.htm -标题:华南岩土工程研究院-响应码：200
2021/05/26-20:30:44:964:url:http://www2.scut.edu.cn/gzic/19464/list.htm -标题:华南软物质科学与技术高等研究院-响应码：200
2021/05/26-20:30:44:980:url:http://www2.scut.edu.cn/gzic/19250/list.htm -标题:联系我们-响应码：200
2021/05/26-20:30:45:385:url:http://www2.scut.edu.cn/gzic/xqdw/list.htm -标题:校区党委-响应码：200
2021/05/26-20:30:45:404:url:http://www2.scut.edu.cn/gzic/19466/list.htm -标题:华工-港科大联合研究院-响应码：200
2021/05/26-20:30:45:521:url:http://www2.scut.edu.cn/gzic/19466/list.htm -标题:华工-港科大联合研究院-响应码：200
2021/05/26-20:30:45:733:url:http://www2.scut.edu.cn/gzic/20540/list.htm -标题:图文纪实-响应码：200
2021/05/26-20:30:45:743:url:http://www.scut.edu.cn/ -标题:华南理工大学-响应码：200
2021/05/26-20:30:45:763:url:http://www2.scut.edu.cn/gzic/15180/list.htm -标题:校区简介-响应码：200
2021/05/26-20:30:45:779:url:http://www2.scut.edu.cn/gzic/15180/list.htm -标题:校区简介-响应码：200
2021/05/26-20:30:45:893:url:http://www2.scut.edu.cn/gzic/19113/list.htm -标题:师生服务中心-响应码：200
2021/05/26-20:30:45:915:url:http://www2.scut.edu.cn/gzic/19113/list.htm -标题:师生服务中心-响应码：200
2021/05/26-20:30:45:935:url:http://www2.scut.edu.cn/gzic/xqjj/list.htm -标题:校区简介-响应码：200
2021/05/26-20:30:45:955:url:http://www2.scut.edu.cn/gzic/xqjj/list.htm -标题:校区简介-响应码：200
2021/05/26-20:30:46:055:url:http://www2.scut.edu.cn/gzic/19252/list.htm -标题:招聘信息-响应码：200
2021/05/26-20:30:46:063:url:http://www2.scut.edu.cn/gzic/zzjg/list.htm -标题:校区党委-响应码：200
2021/05/26-20:30:46:077:url:http://www2.scut.edu.cn/gzic/zzjg/list.htm -标题:校区党委-响应码：200
2021/05/26-20:30:46:085:url:http://www2.scut.edu.cn/gzic/zzjg/list.htm -标题:校区党委-响应码：200
2021/05/26-20:30:46:103:url:http://www2.scut.edu.cn/gzic/19252/list.htm -标题:招聘信息-响应码：200
2021/05/26-20:30:46:108:url:http://www2.scut.edu.cn/gzic/19126/list.htm -标题:学科建设-响应码：200
2021/05/26-20:30:46:123:url:http://www2.scut.edu.cn/gzic/19126/list.htm -标题:学科建设-响应码：200
2021/05/26-20:30:46:237:url:http://www2.scut.edu.cn/gzic/15186/list.htm -标题:媒体报道-响应码：200
2021/05/26-20:30:46:266:url:http://www2.scut.edu.cn/gzic/19128/list.htm -标题:校区全景-响应码：200
2021/05/26-20:30:46:270:url:http://www2.scut.edu.cn/gzic/19111/list.htm -标题:一站式服务-响应码：200
2021/05/26-20:30:46:287:url:http://www2.scut.edu.cn/gzic/19128/list.htm -标题:校区全景-响应码：200
2021/05/26-20:30:46:297:url:http://www2.scut.edu.cn/gzic/19111/list.htm -标题:一站式服务-响应码：200
2021/05/26-20:30:46:310:url:http://www2.scut.edu.cn/gzic/19110/list.htm -标题:社区服务-响应码：200
2021/05/26-20:30:46:314:url:http://www2.scut.edu.cn/gzic/19110/list.htm -标题:社区服务-响应码：200
2021/05/26-20:30:46:317:url:http://www2.scut.edu.cn/gzic/19110/list.htm -标题:社区服务-响应码：200
2021/05/26-20:30:46:327:url:http://www2.scut.edu.cn/gzic/19110/list.htm -标题:社区服务-响应码：200
2021/05/26-20:30:46:335:url:http://www2.scut.edu.cn/gzic/19127/list.htm -标题:人才队伍-响应码：200
2021/05/26-20:30:46:339:url:http://www2.scut.edu.cn/gzic/xwtg/list.htm -标题:校区新闻-响应码：200
2021/05/26-20:30:46:350:url:http://www2.scut.edu.cn/gzic/19127/list.htm -标题:人才队伍-响应码：200
2021/05/26-20:30:46:357:url:http://www2.scut.edu.cn/gzic/xwtg/list.htm -标题:校区新闻-响应码：200
2021/05/26-20:30:46:365:url:http://www2.scut.edu.cn/gzic/19127/list.htm -标题:人才队伍-响应码：200
2021/05/26-20:30:46:385:url:http://www2.scut.edu.cn/gzic/xqbs/list.htm -标题:校区标识-响应码：200
2021/05/26-20:30:46:394:url:http://www2.scut.edu.cn/gzic/xqbs/list.htm -标题:校区标识-响应码：200
2021/05/26-20:30:46:396:url:http://www2.scut.edu.cn/gzic/19136/list.htm -标题:场馆预约-响应码：200
2021/05/26-20:30:46:438:url:http://www2.scut.edu.cn/gzic/19136/list.htm -标题:场馆预约-响应码：200
2021/05/26-20:30:46:532:url:http://www2.scut.edu.cn/gzic/xqbs/list.htm -标题:校区标识-响应码：200
2021/05/26-20:30:46:581:url:http://www2.scut.edu.cn/gzic/15184/list.htm -标题:规章制度-响应码：200
2021/05/26-20:30:46:850:url:http://www2.scut.edu.cn/gzic/2020/1103/c15187a407113/page.htm -标题:关于广州国际校区会议室申请使用的通知-响应码：200
2021/05/26-20:30:46:890:url:http://www2.scut.edu.cn/gzic/15184/list.htm -标题:规章制度-响应码：200
2021/05/26-20:30:46:898:url:http://www2.scut.edu.cn/gzic/19136/list.htm -标题:场馆预约-响应码：200
2021/05/26-20:30:46:938:url:http://www2.scut.edu.cn/gzic/jsly/list.htm -标题:建设掠影-响应码：200
2021/05/26-20:30:46:940:url:http://www2.scut.edu.cn/gzic/jsly/list.htm -标题:建设掠影-响应码：200
2021/05/26-20:30:46:942:url:http://www2.scut.edu.cn/gzic/jsly/list.htm -标题:建设掠影-响应码：200
2021/05/26-20:30:46:954:url:http://www2.scut.edu.cn/gzic/jsly/list.htm -标题:建设掠影-响应码：200
2021/05/26-20:30:46:966:url:http://www2.scut.edu.cn/gzic/xyhyjy/list.htm -标题:分子科学与工程学院-响应码：200
2021/05/26-20:30:46:968:url:http://www2.scut.edu.cn/gzic/15183/list.htm -标题:国际合作-响应码：200
2021/05/26-20:30:46:977:url:http://www2.scut.edu.cn/gzic/xyhyjy/list.htm -标题:分子科学与工程学院-响应码：200
2021/05/26-20:30:47:286:url:http://www2.scut.edu.cn/gzic/15183/list.htm -标题:国际合作-响应码：200
2021/05/26-20:31:17:320:url:http://www2.scut.edu.cn/MoSE/ -标题:分子科学与工程学院-响应码：200
2021/05/26-20:31:17:339:url:http://www2.scut.edu.cn/aismst/ -标题:华南理工大学华南软物质科学与技术高等研究院-响应码：200
2021/05/26-20:31:17:360:url:http://www2.scut.edu.cn/gzic/xyhyjy/list.htm -标题:分子科学与工程学院-响应码：200
2021/05/26-20:31:17:373:url:http://www2.scut.edu.cn/MoSE/xwdt/list.htm -标题:新闻动态-响应码：200
2021/05/26-20:31:17:396:url:http://www2.scut.edu.cn/MoSE/main.htm -标题:分子科学与工程学院-响应码：200
2021/05/26-20:31:17:410:url:http://www2.scut.edu.cn/MoSE/xwdt/list.htm -标题:新闻动态-响应码：200
2021/05/26-20:31:17:423:url:http://www2.scut.edu.cn/MoSE/xstz/list.htm -标题:学术通知-响应码：200
2021/05/26-20:31:17:438:url:http://www2.scut.edu.cn/MoSE/xstz/list.htm -标题:学术通知-响应码：200
2021/05/26-20:31:17:455:url:http://www2.scut.edu.cn/MoSE/jwtz/list.htm -标题:教务通知-响应码：200
2021/05/26-20:31:17:463:url:http://www2.scut.edu.cn/MoSE/ywtz/list.htm -标题:院务通知-响应码：200
2021/05/26-20:31:17:469:url:http://www2.scut.edu.cn/MoSE/jwtz/list.htm -标题:教务通知-响应码：200
2021/05/26-20:31:17:479:url:http://www2.scut.edu.cn/MoSE/ywtz/list.htm -标题:院务通知-响应码：200
2021/05/26-20:31:17:483:url:http://www2.scut.edu.cn/MoSE/spjj/list.htm -标题:视频集锦-响应码：200
2021/05/26-20:31:17:493:url:http://www2.scut.edu.cn/MoSE/spjj/list.htm -标题:视频集锦-响应码：200
2021/05/26-20:31:17:496:url:http://www2.scut.edu.cn/MoSE/xysy/list.htm -标题:学院摄影-响应码：200
2021/05/26-20:31:17:507:url:http://www2.scut.edu.cn/MoSE/xysy/list.htm -标题:学院摄影-响应码：200
2021/05/26-20:31:17:520:url:http://www2.scut.edu.cn/MoSE/2019/0409/c21679a312759/page.htm -标题:软物质研究院-响应码：200
2021/05/26-20:31:17:534:url:http://www2.scut.edu.cn/MoSE/kyjg/list.htm -标题:科研机构-响应码：200
2021/05/26-20:31:17:545:url:http://www2.scut.edu.cn/MoSE/kyjg/list.htm -标题:科研机构-响应码：200
2021/05/26-20:31:17:572:url:http://www2.scut.edu.cn/MoSE/2019/0411/c21679a313744/page.htm -标题:联合实验室-响应码：200
2021/05/26-20:31:17:583:url:http://www2.scut.edu.cn/aismst/gdszdsys/list.htm -标题:华南理工大学华南软物质科学与技术高等研究院-响应码：200
2021/05/26-20:31:17:587:url:http://www2.scut.edu.cn/aismst/18859/list.htm -标题:院务通知-响应码：200
2021/05/26-20:31:17:603:url:http://www2.scut.edu.cn/aismst/yjfx/list.htm -标题:实验室发展方向-响应码：200
2021/05/26-20:31:17:608:url:http://www2.scut.edu.cn/aismst/main.htm -标题:华南理工大学华南软物质科学与技术高等研究院-响应码：200
2021/05/26-20:31:17:618:url:http://www2.scut.edu.cn/aismst/xwdt/list.htm -标题:新闻动态-响应码：200
2021/05/26-20:31:17:627:url:http://www2.scut.edu.cn/aismst/tzgg/list.htm -标题:通知公告-响应码：200
